[02-Apr-2024 21:43:16 UTC] PHP Fatal error:  Uncaught ArgumentCountError: 3 arguments are required, 2 given in C:\Users\Ehteshamul Islam\Local Sites\database-project\app\public\wp-admin\includes\class-bulk-upgrader-skin.php:162
Stack trace:
#0 C:\Users\Ehteshamul Islam\Local Sites\database-project\app\public\wp-admin\includes\class-bulk-upgrader-skin.php(162): sprintf('%1$s installed ...', 'Elementor')
#1 C:\Users\Ehteshamul Islam\Local Sites\database-project\app\public\wp-content\themes\ms-lms-starter-theme\includes\tgm\class-tgm-plugin-activation.php(3638): Bulk_Upgrader_Skin->after('Elementor')
#2 C:\Users\Ehteshamul Islam\Local Sites\database-project\app\public\wp-admin\includes\class-wp-upgrader.php(921): TGMPA_Bulk_Installer_Skin->after()
#3 C:\Users\Ehteshamul Islam\Local Sites\database-project\app\public\wp-content\themes\ms-lms-starter-theme\includes\tgm\class-tgm-plugin-activation.php(3258): WP_Upgrader->run(Array)
#4 C:\Users\Ehteshamul Islam\Local Sites\database-project\app\public\wp-content\themes\ms-lms-starter-theme\includes\tgm\class-tgm-plugin-activation.php(3371): TGMPA_Bulk_Installer->run(Array)
#5 C:\Users\Ehteshamul Islam\Local Sites\database-project\app\public\wp-content\themes\ms-lms-starter-theme\includes\tgm\class-tgm-plugin-activation.php(2977): TGMPA_Bulk_Installer->bulk_install(Array)
#6 C:\Users\Ehteshamul Islam\Local Sites\database-project\app\public\wp-content\themes\ms-lms-starter-theme\includes\tgm\class-tgm-plugin-activation.php(743): TGMPA_List_Table->process_bulk_actions()
#7 C:\Users\Ehteshamul Islam\Local Sites\database-project\app\public\wp-includes\class-wp-hook.php(324): TGM_Plugin_Activation->install_plugins_page('')
#8 C:\Users\Ehteshamul Islam\Local Sites\database-project\app\public\wp-includes\class-wp-hook.php(348): WP_Hook->apply_filters('', Array)
#9 C:\Users\Ehteshamul Islam\Local Sites\database-project\app\public\wp-includes\plugin.php(517): WP_Hook->do_action(Array)
#10 C:\Users\Ehteshamul Islam\Local Sites\database-project\app\public\wp-admin\admin.php(259): do_action('appearance_page...')
#11 C:\Users\Ehteshamul Islam\Local Sites\database-project\app\public\wp-admin\themes.php(10): require_once('C:\\Users\\Ehtesh...')
#12 {main}
  thrown in C:\Users\Ehteshamul Islam\Local Sites\database-project\app\public\wp-admin\includes\class-bulk-upgrader-skin.php on line 162
[02-Apr-2024 21:43:27 UTC] PHP Fatal error:  Uncaught ArgumentCountError: 3 arguments are required, 2 given in C:\Users\Ehteshamul Islam\Local Sites\database-project\app\public\wp-admin\includes\class-bulk-upgrader-skin.php:162
Stack trace:
#0 C:\Users\Ehteshamul Islam\Local Sites\database-project\app\public\wp-admin\includes\class-bulk-upgrader-skin.php(162): sprintf('%1$s installed ...', 'Elementor Heade...')
#1 C:\Users\Ehteshamul Islam\Local Sites\database-project\app\public\wp-content\themes\ms-lms-starter-theme\includes\tgm\class-tgm-plugin-activation.php(3638): Bulk_Upgrader_Skin->after('Elementor Heade...')
#2 C:\Users\Ehteshamul Islam\Local Sites\database-project\app\public\wp-admin\includes\class-wp-upgrader.php(921): TGMPA_Bulk_Installer_Skin->after()
#3 C:\Users\Ehteshamul Islam\Local Sites\database-project\app\public\wp-content\themes\ms-lms-starter-theme\includes\tgm\class-tgm-plugin-activation.php(3258): WP_Upgrader->run(Array)
#4 C:\Users\Ehteshamul Islam\Local Sites\database-project\app\public\wp-content\themes\ms-lms-starter-theme\includes\tgm\class-tgm-plugin-activation.php(3371): TGMPA_Bulk_Installer->run(Array)
#5 C:\Users\Ehteshamul Islam\Local Sites\database-project\app\public\wp-content\themes\ms-lms-starter-theme\includes\tgm\class-tgm-plugin-activation.php(2977): TGMPA_Bulk_Installer->bulk_install(Array)
#6 C:\Users\Ehteshamul Islam\Local Sites\database-project\app\public\wp-content\themes\ms-lms-starter-theme\includes\tgm\class-tgm-plugin-activation.php(743): TGMPA_List_Table->process_bulk_actions()
#7 C:\Users\Ehteshamul Islam\Local Sites\database-project\app\public\wp-includes\class-wp-hook.php(324): TGM_Plugin_Activation->install_plugins_page('')
#8 C:\Users\Ehteshamul Islam\Local Sites\database-project\app\public\wp-includes\class-wp-hook.php(348): WP_Hook->apply_filters('', Array)
#9 C:\Users\Ehteshamul Islam\Local Sites\database-project\app\public\wp-includes\plugin.php(517): WP_Hook->do_action(Array)
#10 C:\Users\Ehteshamul Islam\Local Sites\database-project\app\public\wp-admin\admin.php(259): do_action('appearance_page...')
#11 C:\Users\Ehteshamul Islam\Local Sites\database-project\app\public\wp-admin\themes.php(10): require_once('C:\\Users\\Ehtesh...')
#12 {main}
  thrown in C:\Users\Ehteshamul Islam\Local Sites\database-project\app\public\wp-admin\includes\class-bulk-upgrader-skin.php on line 162
[02-Apr-2024 22:00:05 UTC] PHP Warning:  Attempt to read property "id" on null in C:\Users\Ehteshamul Islam\Local Sites\database-project\app\public\wp-includes\rest-api\endpoints\class-wp-rest-templates-controller.php on line 647
[02-Apr-2024 22:00:05 UTC] PHP Warning:  Attempt to read property "theme" on null in C:\Users\Ehteshamul Islam\Local Sites\database-project\app\public\wp-includes\rest-api\endpoints\class-wp-rest-templates-controller.php on line 651
[02-Apr-2024 22:00:05 UTC] PHP Warning:  Attempt to read property "content" on null in C:\Users\Ehteshamul Islam\Local Sites\database-project\app\public\wp-includes\rest-api\endpoints\class-wp-rest-templates-controller.php on line 658
[02-Apr-2024 22:00:05 UTC] PHP Warning:  Attempt to read property "content" on null in C:\Users\Ehteshamul Islam\Local Sites\database-project\app\public\wp-includes\rest-api\endpoints\class-wp-rest-templates-controller.php on line 662
[02-Apr-2024 22:00:05 UTC] PHP Warning:  Attempt to read property "slug" on null in C:\Users\Ehteshamul Islam\Local Sites\database-project\app\public\wp-includes\rest-api\endpoints\class-wp-rest-templates-controller.php on line 666
[02-Apr-2024 22:00:05 UTC] PHP Warning:  Attempt to read property "source" on null in C:\Users\Ehteshamul Islam\Local Sites\database-project\app\public\wp-includes\rest-api\endpoints\class-wp-rest-templates-controller.php on line 670
[02-Apr-2024 22:00:05 UTC] PHP Warning:  Attempt to read property "origin" on null in C:\Users\Ehteshamul Islam\Local Sites\database-project\app\public\wp-includes\rest-api\endpoints\class-wp-rest-templates-controller.php on line 674
[02-Apr-2024 22:00:05 UTC] PHP Warning:  Attempt to read property "type" on null in C:\Users\Ehteshamul Islam\Local Sites\database-project\app\public\wp-includes\rest-api\endpoints\class-wp-rest-templates-controller.php on line 678
[02-Apr-2024 22:00:05 UTC] PHP Warning:  Attempt to read property "description" on null in C:\Users\Ehteshamul Islam\Local Sites\database-project\app\public\wp-includes\rest-api\endpoints\class-wp-rest-templates-controller.php on line 682
[02-Apr-2024 22:00:05 UTC] PHP Warning:  Attempt to read property "title" on null in C:\Users\Ehteshamul Islam\Local Sites\database-project\app\public\wp-includes\rest-api\endpoints\class-wp-rest-templates-controller.php on line 690
[02-Apr-2024 22:00:05 UTC] PHP Warning:  Attempt to read property "wp_id" on null in C:\Users\Ehteshamul Islam\Local Sites\database-project\app\public\wp-includes\rest-api\endpoints\class-wp-rest-templates-controller.php on line 694
[02-Apr-2024 22:00:05 UTC] PHP Warning:  Attempt to read property "title" on null in C:\Users\Ehteshamul Islam\Local Sites\database-project\app\public\wp-includes\rest-api\endpoints\class-wp-rest-templates-controller.php on line 698
[02-Apr-2024 22:00:05 UTC] PHP Warning:  Attempt to read property "status" on null in C:\Users\Ehteshamul Islam\Local Sites\database-project\app\public\wp-includes\rest-api\endpoints\class-wp-rest-templates-controller.php on line 703
[02-Apr-2024 22:00:05 UTC] PHP Warning:  Attempt to read property "wp_id" on null in C:\Users\Ehteshamul Islam\Local Sites\database-project\app\public\wp-includes\rest-api\endpoints\class-wp-rest-templates-controller.php on line 707
[02-Apr-2024 22:00:05 UTC] PHP Warning:  Attempt to read property "has_theme_file" on null in C:\Users\Ehteshamul Islam\Local Sites\database-project\app\public\wp-includes\rest-api\endpoints\class-wp-rest-templates-controller.php on line 711
[02-Apr-2024 22:00:05 UTC] PHP Warning:  Attempt to read property "type" on null in C:\Users\Ehteshamul Islam\Local Sites\database-project\app\public\wp-includes\rest-api\endpoints\class-wp-rest-templates-controller.php on line 714
[02-Apr-2024 22:00:05 UTC] PHP Warning:  Attempt to read property "author" on null in C:\Users\Ehteshamul Islam\Local Sites\database-project\app\public\wp-includes\rest-api\endpoints\class-wp-rest-templates-controller.php on line 719
[02-Apr-2024 22:00:05 UTC] PHP Warning:  Attempt to read property "modified" on null in C:\Users\Ehteshamul Islam\Local Sites\database-project\app\public\wp-includes\rest-api\endpoints\class-wp-rest-templates-controller.php on line 727
[02-Apr-2024 22:00:05 UTC] PHP Warning:  Attempt to read property "type" on null in C:\Users\Ehteshamul Islam\Local Sites\database-project\app\public\wp-includes\rest-api\endpoints\class-wp-rest-templates-controller.php on line 769
[02-Apr-2024 22:00:05 UTC] PHP Warning:  Attempt to read property "type" on null in C:\Users\Ehteshamul Islam\Local Sites\database-project\app\public\wp-includes\rest-api\endpoints\class-wp-rest-templates-controller.php on line 769
[02-Apr-2024 22:00:05 UTC] PHP Warning:  Attempt to read property "author" on null in C:\Users\Ehteshamul Islam\Local Sites\database-project\app\public\wp-includes\rest-api\endpoints\class-wp-rest-templates-controller.php on line 829
[02-Apr-2024 22:00:05 UTC] PHP Warning:  Attempt to read property "type" on null in C:\Users\Ehteshamul Islam\Local Sites\database-project\app\public\wp-includes\rest-api\endpoints\class-wp-rest-templates-controller.php on line 769
[02-Apr-2024 22:00:05 UTC] PHP Warning:  Attempt to read property "type" on null in C:\Users\Ehteshamul Islam\Local Sites\database-project\app\public\wp-includes\rest-api\endpoints\class-wp-rest-templates-controller.php on line 769
[02-Apr-2024 22:00:05 UTC] PHP Warning:  Attempt to read property "id" on null in C:\Users\Ehteshamul Islam\Local Sites\database-project\app\public\wp-includes\rest-api\endpoints\class-wp-rest-templates-controller.php on line 746
[02-Apr-2024 23:30:39 UTC] PHP Warning:  Attempt to read property "id" on null in C:\Users\Ehteshamul Islam\Local Sites\database-project\app\public\wp-includes\rest-api\endpoints\class-wp-rest-templates-controller.php on line 647
[02-Apr-2024 23:30:39 UTC] PHP Warning:  Attempt to read property "theme" on null in C:\Users\Ehteshamul Islam\Local Sites\database-project\app\public\wp-includes\rest-api\endpoints\class-wp-rest-templates-controller.php on line 651
[02-Apr-2024 23:30:39 UTC] PHP Warning:  Attempt to read property "content" on null in C:\Users\Ehteshamul Islam\Local Sites\database-project\app\public\wp-includes\rest-api\endpoints\class-wp-rest-templates-controller.php on line 658
[02-Apr-2024 23:30:39 UTC] PHP Warning:  Attempt to read property "content" on null in C:\Users\Ehteshamul Islam\Local Sites\database-project\app\public\wp-includes\rest-api\endpoints\class-wp-rest-templates-controller.php on line 662
[02-Apr-2024 23:30:39 UTC] PHP Warning:  Attempt to read property "slug" on null in C:\Users\Ehteshamul Islam\Local Sites\database-project\app\public\wp-includes\rest-api\endpoints\class-wp-rest-templates-controller.php on line 666
[02-Apr-2024 23:30:39 UTC] PHP Warning:  Attempt to read property "source" on null in C:\Users\Ehteshamul Islam\Local Sites\database-project\app\public\wp-includes\rest-api\endpoints\class-wp-rest-templates-controller.php on line 670
[02-Apr-2024 23:30:39 UTC] PHP Warning:  Attempt to read property "origin" on null in C:\Users\Ehteshamul Islam\Local Sites\database-project\app\public\wp-includes\rest-api\endpoints\class-wp-rest-templates-controller.php on line 674
[02-Apr-2024 23:30:39 UTC] PHP Warning:  Attempt to read property "type" on null in C:\Users\Ehteshamul Islam\Local Sites\database-project\app\public\wp-includes\rest-api\endpoints\class-wp-rest-templates-controller.php on line 678
[02-Apr-2024 23:30:39 UTC] PHP Warning:  Attempt to read property "description" on null in C:\Users\Ehteshamul Islam\Local Sites\database-project\app\public\wp-includes\rest-api\endpoints\class-wp-rest-templates-controller.php on line 682
[02-Apr-2024 23:30:39 UTC] PHP Warning:  Attempt to read property "title" on null in C:\Users\Ehteshamul Islam\Local Sites\database-project\app\public\wp-includes\rest-api\endpoints\class-wp-rest-templates-controller.php on line 690
[02-Apr-2024 23:30:39 UTC] PHP Warning:  Attempt to read property "wp_id" on null in C:\Users\Ehteshamul Islam\Local Sites\database-project\app\public\wp-includes\rest-api\endpoints\class-wp-rest-templates-controller.php on line 694
[02-Apr-2024 23:30:39 UTC] PHP Warning:  Attempt to read property "title" on null in C:\Users\Ehteshamul Islam\Local Sites\database-project\app\public\wp-includes\rest-api\endpoints\class-wp-rest-templates-controller.php on line 698
[02-Apr-2024 23:30:39 UTC] PHP Warning:  Attempt to read property "status" on null in C:\Users\Ehteshamul Islam\Local Sites\database-project\app\public\wp-includes\rest-api\endpoints\class-wp-rest-templates-controller.php on line 703
[02-Apr-2024 23:30:39 UTC] PHP Warning:  Attempt to read property "wp_id" on null in C:\Users\Ehteshamul Islam\Local Sites\database-project\app\public\wp-includes\rest-api\endpoints\class-wp-rest-templates-controller.php on line 707
[02-Apr-2024 23:30:39 UTC] PHP Warning:  Attempt to read property "has_theme_file" on null in C:\Users\Ehteshamul Islam\Local Sites\database-project\app\public\wp-includes\rest-api\endpoints\class-wp-rest-templates-controller.php on line 711
[02-Apr-2024 23:30:39 UTC] PHP Warning:  Attempt to read property "type" on null in C:\Users\Ehteshamul Islam\Local Sites\database-project\app\public\wp-includes\rest-api\endpoints\class-wp-rest-templates-controller.php on line 714
[02-Apr-2024 23:30:39 UTC] PHP Warning:  Attempt to read property "author" on null in C:\Users\Ehteshamul Islam\Local Sites\database-project\app\public\wp-includes\rest-api\endpoints\class-wp-rest-templates-controller.php on line 719
[02-Apr-2024 23:30:39 UTC] PHP Warning:  Attempt to read property "modified" on null in C:\Users\Ehteshamul Islam\Local Sites\database-project\app\public\wp-includes\rest-api\endpoints\class-wp-rest-templates-controller.php on line 727
[02-Apr-2024 23:30:39 UTC] PHP Warning:  Attempt to read property "type" on null in C:\Users\Ehteshamul Islam\Local Sites\database-project\app\public\wp-includes\rest-api\endpoints\class-wp-rest-templates-controller.php on line 769
[02-Apr-2024 23:30:39 UTC] PHP Warning:  Attempt to read property "type" on null in C:\Users\Ehteshamul Islam\Local Sites\database-project\app\public\wp-includes\rest-api\endpoints\class-wp-rest-templates-controller.php on line 769
[02-Apr-2024 23:30:39 UTC] PHP Warning:  Attempt to read property "author" on null in C:\Users\Ehteshamul Islam\Local Sites\database-project\app\public\wp-includes\rest-api\endpoints\class-wp-rest-templates-controller.php on line 829
[02-Apr-2024 23:30:39 UTC] PHP Warning:  Attempt to read property "type" on null in C:\Users\Ehteshamul Islam\Local Sites\database-project\app\public\wp-includes\rest-api\endpoints\class-wp-rest-templates-controller.php on line 769
[02-Apr-2024 23:30:39 UTC] PHP Warning:  Attempt to read property "type" on null in C:\Users\Ehteshamul Islam\Local Sites\database-project\app\public\wp-includes\rest-api\endpoints\class-wp-rest-templates-controller.php on line 769
[02-Apr-2024 23:30:39 UTC] PHP Warning:  Attempt to read property "id" on null in C:\Users\Ehteshamul Islam\Local Sites\database-project\app\public\wp-includes\rest-api\endpoints\class-wp-rest-templates-controller.php on line 746
[03-Apr-2024 01:16:29 UTC] PHP Warning:  Undefined array key "editor_post_id" in C:\Users\Ehteshamul Islam\Local Sites\database-project\app\public\wp-content\plugins\elementor\modules\history\revisions-manager.php on line 363
[19-Apr-2024 19:56:14 UTC] Cron reschedule event error for hook: wp_privacy_delete_old_export_files, Error code: could_not_set, Error message: The cron event list could not be saved., Data: {"schedule":"hourly","args":[],"interval":3600}
[23-Apr-2024 16:59:12 UTC] [Image Optimizer]: info in ImageOptimization\Modules\Oauth\Components\Connect::get_connect_status(): Status getting error. Reason: User is not connected
[23-Apr-2024 16:59:17 UTC] [Image Optimizer]: info in ImageOptimization\Modules\Oauth\Components\Connect::get_connect_status(): Status getting error. Reason: User is not connected
[23-Apr-2024 16:59:22 UTC] [Image Optimizer]: info in ImageOptimization\Modules\Oauth\Components\Connect::get_connect_status(): Status getting error. Reason: User is not connected
[23-Apr-2024 16:59:27 UTC] [Image Optimizer]: info in ImageOptimization\Modules\Oauth\Components\Connect::get_connect_status(): Status getting error. Reason: User is not connected
[23-Apr-2024 16:59:32 UTC] [Image Optimizer]: info in ImageOptimization\Modules\Oauth\Components\Connect::get_connect_status(): Status getting error. Reason: User is not connected
[23-Apr-2024 16:59:38 UTC] [Image Optimizer]: info in ImageOptimization\Modules\Oauth\Components\Connect::get_connect_status(): Status getting error. Reason: User is not connected
[23-Apr-2024 16:59:42 UTC] [Image Optimizer]: info in ImageOptimization\Modules\Oauth\Components\Connect::get_connect_status(): Status getting error. Reason: User is not connected
[23-Apr-2024 16:59:47 UTC] [Image Optimizer]: info in ImageOptimization\Modules\Oauth\Components\Connect::get_connect_status(): Status getting error. Reason: User is not connected
[23-Apr-2024 16:59:52 UTC] [Image Optimizer]: info in ImageOptimization\Modules\Oauth\Components\Connect::get_connect_status(): Status getting error. Reason: User is not connected
[23-Apr-2024 16:59:57 UTC] [Image Optimizer]: info in ImageOptimization\Modules\Oauth\Components\Connect::get_connect_status(): Status getting error. Reason: User is not connected
[23-Apr-2024 17:00:02 UTC] [Image Optimizer]: info in ImageOptimization\Modules\Oauth\Components\Connect::get_connect_status(): Status getting error. Reason: User is not connected
[23-Apr-2024 17:00:07 UTC] [Image Optimizer]: info in ImageOptimization\Modules\Oauth\Components\Connect::get_connect_status(): Status getting error. Reason: User is not connected
[23-Apr-2024 17:00:12 UTC] [Image Optimizer]: info in ImageOptimization\Modules\Oauth\Components\Connect::get_connect_status(): Status getting error. Reason: User is not connected
[23-Apr-2024 17:00:17 UTC] [Image Optimizer]: info in ImageOptimization\Modules\Oauth\Components\Connect::get_connect_status(): Status getting error. Reason: User is not connected
[23-Apr-2024 17:00:22 UTC] [Image Optimizer]: info in ImageOptimization\Modules\Oauth\Components\Connect::get_connect_status(): Status getting error. Reason: User is not connected
[23-Apr-2024 17:00:27 UTC] [Image Optimizer]: info in ImageOptimization\Modules\Oauth\Components\Connect::get_connect_status(): Status getting error. Reason: User is not connected
[23-Apr-2024 17:00:32 UTC] [Image Optimizer]: info in ImageOptimization\Modules\Oauth\Components\Connect::get_connect_status(): Status getting error. Reason: User is not connected
[23-Apr-2024 17:00:38 UTC] [Image Optimizer]: info in ImageOptimization\Modules\Oauth\Components\Connect::get_connect_status(): Status getting error. Reason: User is not connected
[23-Apr-2024 17:00:45 UTC] PHP Warning:  Trying to access array offset on value of type bool in C:\Users\Ehteshamul Islam\Local Sites\database-project\app\public\wp-content\plugins\elementor\includes\managers\image.php on line 113
[23-Apr-2024 17:00:45 UTC] PHP Warning:  Trying to access array offset on value of type bool in C:\Users\Ehteshamul Islam\Local Sites\database-project\app\public\wp-content\plugins\elementor\includes\managers\image.php on line 113
[23-Apr-2024 17:00:45 UTC] PHP Warning:  Trying to access array offset on value of type bool in C:\Users\Ehteshamul Islam\Local Sites\database-project\app\public\wp-content\plugins\elementor\includes\managers\image.php on line 113
[23-Apr-2024 17:00:45 UTC] PHP Warning:  Trying to access array offset on value of type bool in C:\Users\Ehteshamul Islam\Local Sites\database-project\app\public\wp-content\plugins\elementor\includes\managers\image.php on line 113
[23-Apr-2024 17:00:45 UTC] PHP Warning:  Trying to access array offset on value of type bool in C:\Users\Ehteshamul Islam\Local Sites\database-project\app\public\wp-content\plugins\elementor\includes\managers\image.php on line 113
[23-Apr-2024 17:00:45 UTC] PHP Warning:  Trying to access array offset on value of type bool in C:\Users\Ehteshamul Islam\Local Sites\database-project\app\public\wp-content\plugins\elementor\includes\managers\image.php on line 113
[23-Apr-2024 17:00:45 UTC] PHP Warning:  Trying to access array offset on value of type bool in C:\Users\Ehteshamul Islam\Local Sites\database-project\app\public\wp-content\plugins\elementor\includes\managers\image.php on line 113
[23-Apr-2024 17:00:45 UTC] PHP Warning:  Trying to access array offset on value of type bool in C:\Users\Ehteshamul Islam\Local Sites\database-project\app\public\wp-content\plugins\elementor\includes\managers\image.php on line 113
[23-Apr-2024 17:00:45 UTC] PHP Warning:  Trying to access array offset on value of type bool in C:\Users\Ehteshamul Islam\Local Sites\database-project\app\public\wp-content\plugins\elementor\includes\managers\image.php on line 113
[23-Apr-2024 17:00:45 UTC] PHP Warning:  Trying to access array offset on value of type bool in C:\Users\Ehteshamul Islam\Local Sites\database-project\app\public\wp-content\plugins\elementor\includes\managers\image.php on line 113
[23-Apr-2024 17:00:45 UTC] PHP Warning:  Trying to access array offset on value of type bool in C:\Users\Ehteshamul Islam\Local Sites\database-project\app\public\wp-content\plugins\elementor\includes\managers\image.php on line 113
[23-Apr-2024 17:00:45 UTC] PHP Warning:  Trying to access array offset on value of type bool in C:\Users\Ehteshamul Islam\Local Sites\database-project\app\public\wp-content\plugins\elementor\includes\managers\image.php on line 113
[23-Apr-2024 17:00:45 UTC] PHP Warning:  Trying to access array offset on value of type bool in C:\Users\Ehteshamul Islam\Local Sites\database-project\app\public\wp-content\plugins\elementor\includes\managers\image.php on line 113
[23-Apr-2024 17:00:45 UTC] PHP Warning:  Trying to access array offset on value of type bool in C:\Users\Ehteshamul Islam\Local Sites\database-project\app\public\wp-content\plugins\elementor\includes\managers\image.php on line 113
[23-Apr-2024 17:00:45 UTC] PHP Warning:  Trying to access array offset on value of type bool in C:\Users\Ehteshamul Islam\Local Sites\database-project\app\public\wp-content\plugins\elementor\includes\managers\image.php on line 113
[23-Apr-2024 17:00:45 UTC] PHP Warning:  Trying to access array offset on value of type bool in C:\Users\Ehteshamul Islam\Local Sites\database-project\app\public\wp-content\plugins\elementor\includes\managers\image.php on line 113
[23-Apr-2024 18:10:51 UTC] [Image Optimizer]: info in ImageOptimization\Modules\Oauth\Components\Connect::get_connect_status(): Status getting error. Reason: User is not connected
[23-Apr-2024 18:29:26 UTC] [Image Optimizer]: info in ImageOptimization\Modules\Oauth\Components\Connect::get_connect_status(): Status getting error. Reason: User is not connected
[23-Apr-2024 18:31:56 UTC] [Image Optimizer]: info in ImageOptimization\Modules\Oauth\Components\Connect::get_connect_status(): Status getting error. Reason: User is not connected
[23-Apr-2024 18:32:51 UTC] [Image Optimizer]: info in ImageOptimization\Modules\Oauth\Components\Connect::get_connect_status(): Status getting error. Reason: User is not connected
[23-Apr-2024 18:32:56 UTC] [Image Optimizer]: info in ImageOptimization\Modules\Oauth\Components\Connect::get_connect_status(): Status getting error. Reason: User is not connected
[23-Apr-2024 19:16:08 UTC] [Image Optimizer]: info in ImageOptimization\Modules\Oauth\Components\Connect::get_connect_status(): Status getting error. Reason: User is not connected
[23-Apr-2024 19:16:23 UTC] [Image Optimizer]: info in ImageOptimization\Modules\Oauth\Components\Connect::get_connect_status(): Status getting error. Reason: User is not connected
[23-Apr-2024 19:23:53 UTC] [Image Optimizer]: info in ImageOptimization\Modules\Oauth\Components\Connect::get_connect_status(): Status getting error. Reason: User is not connected
[23-Apr-2024 19:27:49 UTC] [Image Optimizer]: info in ImageOptimization\Modules\Oauth\Components\Connect::get_connect_status(): Status getting error. Reason: User is not connected
[23-Apr-2024 19:55:42 UTC] [Image Optimizer]: info in ImageOptimization\Modules\Oauth\Components\Connect::get_connect_status(): Status getting error. Reason: User is not connected
[23-Apr-2024 19:55:47 UTC] [Image Optimizer]: info in ImageOptimization\Modules\Oauth\Components\Connect::get_connect_status(): Status getting error. Reason: User is not connected
[23-Apr-2024 19:55:52 UTC] [Image Optimizer]: info in ImageOptimization\Modules\Oauth\Components\Connect::get_connect_status(): Status getting error. Reason: User is not connected
[23-Apr-2024 21:03:08 UTC] PHP Warning:  Undefined array key "show_progress" in C:\Users\Ehteshamul Islam\Local Sites\database-project\app\public\wp-content\plugins\masterstudy-lms-learning-management-system\_core\stm-lms-templates\elementor-widgets\courses\card\card-style-3\main.php on line 34
[23-Apr-2024 21:03:08 UTC] PHP Warning:  Undefined array key "show_progress" in C:\Users\Ehteshamul Islam\Local Sites\database-project\app\public\wp-content\plugins\masterstudy-lms-learning-management-system\_core\stm-lms-templates\elementor-widgets\courses\card\card-style-3\main.php on line 34
[23-Apr-2024 21:03:08 UTC] PHP Warning:  Undefined array key "show_progress" in C:\Users\Ehteshamul Islam\Local Sites\database-project\app\public\wp-content\plugins\masterstudy-lms-learning-management-system\_core\stm-lms-templates\elementor-widgets\courses\card\card-style-3\main.php on line 34
[23-Apr-2024 21:03:08 UTC] PHP Warning:  Undefined array key "show_progress" in C:\Users\Ehteshamul Islam\Local Sites\database-project\app\public\wp-content\plugins\masterstudy-lms-learning-management-system\_core\stm-lms-templates\elementor-widgets\courses\card\card-style-3\main.php on line 34
[23-Apr-2024 21:19:51 UTC] Cron reschedule event error for hook: action_scheduler_run_queue, Error code: could_not_set, Error message: The cron event list could not be saved., Data: {"schedule":"every_minute","args":["WP Cron"],"interval":60}
[23-Apr-2024 21:38:18 UTC] [Image Optimizer]: info in ImageOptimization\Modules\Oauth\Components\Connect::get_connect_status(): Status getting error. Reason: User is not connected
[23-Apr-2024 21:38:23 UTC] [Image Optimizer]: info in ImageOptimization\Modules\Oauth\Components\Connect::get_connect_status(): Status getting error. Reason: User is not connected
[23-Apr-2024 21:38:28 UTC] [Image Optimizer]: info in ImageOptimization\Modules\Oauth\Components\Connect::get_connect_status(): Status getting error. Reason: User is not connected
[23-Apr-2024 21:38:33 UTC] [Image Optimizer]: info in ImageOptimization\Modules\Oauth\Components\Connect::get_connect_status(): Status getting error. Reason: User is not connected
[23-Apr-2024 21:38:50 UTC] PHP Fatal error:  Uncaught TypeError: array_replace_recursive(): Argument #1 ($array) must be of type array, bool given in C:\Users\Ehteshamul Islam\Local Sites\database-project\app\public\wp-content\plugins\masterstudy-lms-learning-management-system\_core\libraries\admin-notification-popup\classes\NotificationEnqueueControl.php:32
Stack trace:
#0 C:\Users\Ehteshamul Islam\Local Sites\database-project\app\public\wp-content\plugins\masterstudy-lms-learning-management-system\_core\libraries\admin-notification-popup\classes\NotificationEnqueueControl.php(32): array_replace_recursive(false, Array)
#1 C:\Users\Ehteshamul Islam\Local Sites\database-project\app\public\wp-content\plugins\masterstudy-lms-learning-management-system\_core\libraries\admin-notification-popup\classes\RateNotification.php(117): ANP\NotificationEnqueueControl::addSecondItem('masterstudy_lms...', '<div class="anp...')
#2 C:\Users\Ehteshamul Islam\Local Sites\database-project\app\public\wp-includes\class-wp-hook.php(324): RateNotification::stm_add_popup_notification_item('')
#3 C:\Users\Ehteshamul Islam\Local Sites\database-project\app\public\wp-includes\class-wp-hook.php(348): WP_Hook->apply_filters('', Array)
#4 C:\Users\Ehteshamul Islam\Local Sites\database-project\app\public\wp-includes\plugin.php(517): WP_Hook->do_action(Array)
#5 C:\Users\Ehteshamul Islam\Local Sites\database-project\app\public\wp-content\plugins\masterstudy-lms-learning-management-system\_core\libraries\admin-notification-popup\classes\Popup\NotificationPopupHtml.php(13): do_action('anp_popup_items')
#6 C:\Users\Ehteshamul Islam\Local Sites\database-project\app\public\wp-content\plugins\masterstudy-lms-learning-management-system\_core\libraries\admin-notification-popup\classes\Popup\NotificationPopupHtml.php(66): ANP\Popup\NotificationPopupHtml::init()
#7 C:\Users\Ehteshamul Islam\Local Sites\database-project\app\public\wp-content\plugins\masterstudy-lms-learning-management-system\_core\libraries\admin-notification-popup\admin-notification-popup.php(18): include('C:\\Users\\Ehtesh...')
#8 C:\Users\Ehteshamul Islam\Local Sites\database-project\app\public\wp-content\plugins\masterstudy-lms-learning-management-system\_core\libraries\admin-notification-popup\classes\AdminbarItem.php(30): {closure}('ANP\\Popup\\Notif...')
#9 C:\Users\Ehteshamul Islam\Local Sites\database-project\app\public\wp-includes\class-wp-hook.php(324): ANP\AdminbarItem::addAdminbarItem(Object(WP_Admin_Bar))
#10 C:\Users\Ehteshamul Islam\Local Sites\database-project\app\public\wp-includes\class-wp-hook.php(348): WP_Hook->apply_filters(NULL, Array)
#11 C:\Users\Ehteshamul Islam\Local Sites\database-project\app\public\wp-includes\plugin.php(565): WP_Hook->do_action(Array)
#12 C:\Users\Ehteshamul Islam\Local Sites\database-project\app\public\wp-includes\admin-bar.php(95): do_action_ref_array('admin_bar_menu', Array)
#13 C:\Users\Ehteshamul Islam\Local Sites\database-project\app\public\wp-includes\class-wp-hook.php(324): wp_admin_bar_render('')
#14 C:\Users\Ehteshamul Islam\Local Sites\database-project\app\public\wp-includes\class-wp-hook.php(348): WP_Hook->apply_filters('', Array)
#15 C:\Users\Ehteshamul Islam\Local Sites\database-project\app\public\wp-includes\plugin.php(517): WP_Hook->do_action(Array)
#16 C:\Users\Ehteshamul Islam\Local Sites\database-project\app\public\wp-admin\admin-header.php(267): do_action('in_admin_header')
#17 C:\Users\Ehteshamul Islam\Local Sites\database-project\app\public\wp-admin\edit-form-blocks.php(309): require_once('C:\\Users\\Ehtesh...')
#18 C:\Users\Ehteshamul Islam\Local Sites\database-project\app\public\wp-admin\post.php(187): require('C:\\Users\\Ehtesh...')
#19 {main}
  thrown in C:\Users\Ehteshamul Islam\Local Sites\database-project\app\public\wp-content\plugins\masterstudy-lms-learning-management-system\_core\libraries\admin-notification-popup\classes\NotificationEnqueueControl.php on line 32
[23-Apr-2024 21:39:05 UTC] PHP Fatal error:  Uncaught TypeError: array_replace_recursive(): Argument #1 ($array) must be of type array, bool given in C:\Users\Ehteshamul Islam\Local Sites\database-project\app\public\wp-content\plugins\masterstudy-lms-learning-management-system\_core\libraries\admin-notification-popup\classes\NotificationEnqueueControl.php:32
Stack trace:
#0 C:\Users\Ehteshamul Islam\Local Sites\database-project\app\public\wp-content\plugins\masterstudy-lms-learning-management-system\_core\libraries\admin-notification-popup\classes\NotificationEnqueueControl.php(32): array_replace_recursive(false, Array)
#1 C:\Users\Ehteshamul Islam\Local Sites\database-project\app\public\wp-content\plugins\masterstudy-lms-learning-management-system\_core\libraries\admin-notification-popup\classes\RateNotification.php(117): ANP\NotificationEnqueueControl::addSecondItem('masterstudy_lms...', '<div class="anp...')
#2 C:\Users\Ehteshamul Islam\Local Sites\database-project\app\public\wp-includes\class-wp-hook.php(324): RateNotification::stm_add_popup_notification_item('')
#3 C:\Users\Ehteshamul Islam\Local Sites\database-project\app\public\wp-includes\class-wp-hook.php(348): WP_Hook->apply_filters('', Array)
#4 C:\Users\Ehteshamul Islam\Local Sites\database-project\app\public\wp-includes\plugin.php(517): WP_Hook->do_action(Array)
#5 C:\Users\Ehteshamul Islam\Local Sites\database-project\app\public\wp-content\plugins\masterstudy-lms-learning-management-system\_core\libraries\admin-notification-popup\classes\Popup\NotificationPopupHtml.php(13): do_action('anp_popup_items')
#6 C:\Users\Ehteshamul Islam\Local Sites\database-project\app\public\wp-content\plugins\masterstudy-lms-learning-management-system\_core\libraries\admin-notification-popup\classes\Popup\NotificationPopupHtml.php(66): ANP\Popup\NotificationPopupHtml::init()
#7 C:\Users\Ehteshamul Islam\Local Sites\database-project\app\public\wp-content\plugins\masterstudy-lms-learning-management-system\_core\libraries\admin-notification-popup\admin-notification-popup.php(18): include('C:\\Users\\Ehtesh...')
#8 C:\Users\Ehteshamul Islam\Local Sites\database-project\app\public\wp-content\plugins\masterstudy-lms-learning-management-system\_core\libraries\admin-notification-popup\classes\AdminbarItem.php(30): {closure}('ANP\\Popup\\Notif...')
#9 C:\Users\Ehteshamul Islam\Local Sites\database-project\app\public\wp-includes\class-wp-hook.php(324): ANP\AdminbarItem::addAdminbarItem(Object(WP_Admin_Bar))
#10 C:\Users\Ehteshamul Islam\Local Sites\database-project\app\public\wp-includes\class-wp-hook.php(348): WP_Hook->apply_filters(NULL, Array)
#11 C:\Users\Ehteshamul Islam\Local Sites\database-project\app\public\wp-includes\plugin.php(565): WP_Hook->do_action(Array)
#12 C:\Users\Ehteshamul Islam\Local Sites\database-project\app\public\wp-includes\admin-bar.php(95): do_action_ref_array('admin_bar_menu', Array)
#13 C:\Users\Ehteshamul Islam\Local Sites\database-project\app\public\wp-includes\class-wp-hook.php(324): wp_admin_bar_render('')
#14 C:\Users\Ehteshamul Islam\Local Sites\database-project\app\public\wp-includes\class-wp-hook.php(348): WP_Hook->apply_filters('', Array)
#15 C:\Users\Ehteshamul Islam\Local Sites\database-project\app\public\wp-includes\plugin.php(517): WP_Hook->do_action(Array)
#16 C:\Users\Ehteshamul Islam\Local Sites\database-project\app\public\wp-admin\admin-header.php(267): do_action('in_admin_header')
#17 C:\Users\Ehteshamul Islam\Local Sites\database-project\app\public\wp-admin\edit-form-blocks.php(309): require_once('C:\\Users\\Ehtesh...')
#18 C:\Users\Ehteshamul Islam\Local Sites\database-project\app\public\wp-admin\post.php(187): require('C:\\Users\\Ehtesh...')
#19 {main}
  thrown in C:\Users\Ehteshamul Islam\Local Sites\database-project\app\public\wp-content\plugins\masterstudy-lms-learning-management-system\_core\libraries\admin-notification-popup\classes\NotificationEnqueueControl.php on line 32
[23-Apr-2024 21:39:13 UTC] PHP Fatal error:  Uncaught TypeError: array_replace_recursive(): Argument #1 ($array) must be of type array, bool given in C:\Users\Ehteshamul Islam\Local Sites\database-project\app\public\wp-content\plugins\masterstudy-lms-learning-management-system\_core\libraries\admin-notification-popup\classes\NotificationEnqueueControl.php:32
Stack trace:
#0 C:\Users\Ehteshamul Islam\Local Sites\database-project\app\public\wp-content\plugins\masterstudy-lms-learning-management-system\_core\libraries\admin-notification-popup\classes\NotificationEnqueueControl.php(32): array_replace_recursive(false, Array)
#1 C:\Users\Ehteshamul Islam\Local Sites\database-project\app\public\wp-content\plugins\masterstudy-lms-learning-management-system\_core\libraries\admin-notification-popup\classes\RateNotification.php(117): ANP\NotificationEnqueueControl::addSecondItem('masterstudy_lms...', '<div class="anp...')
#2 C:\Users\Ehteshamul Islam\Local Sites\database-project\app\public\wp-includes\class-wp-hook.php(324): RateNotification::stm_add_popup_notification_item('')
#3 C:\Users\Ehteshamul Islam\Local Sites\database-project\app\public\wp-includes\class-wp-hook.php(348): WP_Hook->apply_filters('', Array)
#4 C:\Users\Ehteshamul Islam\Local Sites\database-project\app\public\wp-includes\plugin.php(517): WP_Hook->do_action(Array)
#5 C:\Users\Ehteshamul Islam\Local Sites\database-project\app\public\wp-content\plugins\masterstudy-lms-learning-management-system\_core\libraries\admin-notification-popup\classes\Popup\NotificationPopupHtml.php(13): do_action('anp_popup_items')
#6 C:\Users\Ehteshamul Islam\Local Sites\database-project\app\public\wp-content\plugins\masterstudy-lms-learning-management-system\_core\libraries\admin-notification-popup\classes\Popup\NotificationPopupHtml.php(66): ANP\Popup\NotificationPopupHtml::init()
#7 C:\Users\Ehteshamul Islam\Local Sites\database-project\app\public\wp-content\plugins\masterstudy-lms-learning-management-system\_core\libraries\admin-notification-popup\admin-notification-popup.php(18): include('C:\\Users\\Ehtesh...')
#8 C:\Users\Ehteshamul Islam\Local Sites\database-project\app\public\wp-content\plugins\masterstudy-lms-learning-management-system\_core\libraries\admin-notification-popup\classes\AdminbarItem.php(30): {closure}('ANP\\Popup\\Notif...')
#9 C:\Users\Ehteshamul Islam\Local Sites\database-project\app\public\wp-includes\class-wp-hook.php(324): ANP\AdminbarItem::addAdminbarItem(Object(WP_Admin_Bar))
#10 C:\Users\Ehteshamul Islam\Local Sites\database-project\app\public\wp-includes\class-wp-hook.php(348): WP_Hook->apply_filters(NULL, Array)
#11 C:\Users\Ehteshamul Islam\Local Sites\database-project\app\public\wp-includes\plugin.php(565): WP_Hook->do_action(Array)
#12 C:\Users\Ehteshamul Islam\Local Sites\database-project\app\public\wp-includes\admin-bar.php(95): do_action_ref_array('admin_bar_menu', Array)
#13 C:\Users\Ehteshamul Islam\Local Sites\database-project\app\public\wp-includes\class-wp-hook.php(324): wp_admin_bar_render('')
#14 C:\Users\Ehteshamul Islam\Local Sites\database-project\app\public\wp-includes\class-wp-hook.php(348): WP_Hook->apply_filters('', Array)
#15 C:\Users\Ehteshamul Islam\Local Sites\database-project\app\public\wp-includes\plugin.php(517): WP_Hook->do_action(Array)
#16 C:\Users\Ehteshamul Islam\Local Sites\database-project\app\public\wp-admin\admin-header.php(267): do_action('in_admin_header')
#17 C:\Users\Ehteshamul Islam\Local Sites\database-project\app\public\wp-admin\edit-form-blocks.php(309): require_once('C:\\Users\\Ehtesh...')
#18 C:\Users\Ehteshamul Islam\Local Sites\database-project\app\public\wp-admin\post.php(187): require('C:\\Users\\Ehtesh...')
#19 {main}
  thrown in C:\Users\Ehteshamul Islam\Local Sites\database-project\app\public\wp-content\plugins\masterstudy-lms-learning-management-system\_core\libraries\admin-notification-popup\classes\NotificationEnqueueControl.php on line 32
[23-Apr-2024 21:39:17 UTC] PHP Fatal error:  Uncaught TypeError: array_replace_recursive(): Argument #1 ($array) must be of type array, bool given in C:\Users\Ehteshamul Islam\Local Sites\database-project\app\public\wp-content\plugins\masterstudy-lms-learning-management-system\_core\libraries\admin-notification-popup\classes\NotificationEnqueueControl.php:32
Stack trace:
#0 C:\Users\Ehteshamul Islam\Local Sites\database-project\app\public\wp-content\plugins\masterstudy-lms-learning-management-system\_core\libraries\admin-notification-popup\classes\NotificationEnqueueControl.php(32): array_replace_recursive(false, Array)
#1 C:\Users\Ehteshamul Islam\Local Sites\database-project\app\public\wp-content\plugins\masterstudy-lms-learning-management-system\_core\libraries\admin-notification-popup\classes\RateNotification.php(117): ANP\NotificationEnqueueControl::addSecondItem('masterstudy_lms...', '<div class="anp...')
#2 C:\Users\Ehteshamul Islam\Local Sites\database-project\app\public\wp-includes\class-wp-hook.php(324): RateNotification::stm_add_popup_notification_item('')
#3 C:\Users\Ehteshamul Islam\Local Sites\database-project\app\public\wp-includes\class-wp-hook.php(348): WP_Hook->apply_filters('', Array)
#4 C:\Users\Ehteshamul Islam\Local Sites\database-project\app\public\wp-includes\plugin.php(517): WP_Hook->do_action(Array)
#5 C:\Users\Ehteshamul Islam\Local Sites\database-project\app\public\wp-content\plugins\masterstudy-lms-learning-management-system\_core\libraries\admin-notification-popup\classes\Popup\NotificationPopupHtml.php(13): do_action('anp_popup_items')
#6 C:\Users\Ehteshamul Islam\Local Sites\database-project\app\public\wp-content\plugins\masterstudy-lms-learning-management-system\_core\libraries\admin-notification-popup\classes\Popup\NotificationPopupHtml.php(66): ANP\Popup\NotificationPopupHtml::init()
#7 C:\Users\Ehteshamul Islam\Local Sites\database-project\app\public\wp-content\plugins\masterstudy-lms-learning-management-system\_core\libraries\admin-notification-popup\admin-notification-popup.php(18): include('C:\\Users\\Ehtesh...')
#8 C:\Users\Ehteshamul Islam\Local Sites\database-project\app\public\wp-content\plugins\masterstudy-lms-learning-management-system\_core\libraries\admin-notification-popup\classes\AdminbarItem.php(30): {closure}('ANP\\Popup\\Notif...')
#9 C:\Users\Ehteshamul Islam\Local Sites\database-project\app\public\wp-includes\class-wp-hook.php(324): ANP\AdminbarItem::addAdminbarItem(Object(WP_Admin_Bar))
#10 C:\Users\Ehteshamul Islam\Local Sites\database-project\app\public\wp-includes\class-wp-hook.php(348): WP_Hook->apply_filters(NULL, Array)
#11 C:\Users\Ehteshamul Islam\Local Sites\database-project\app\public\wp-includes\plugin.php(565): WP_Hook->do_action(Array)
#12 C:\Users\Ehteshamul Islam\Local Sites\database-project\app\public\wp-includes\admin-bar.php(95): do_action_ref_array('admin_bar_menu', Array)
#13 C:\Users\Ehteshamul Islam\Local Sites\database-project\app\public\wp-includes\class-wp-hook.php(324): wp_admin_bar_render('')
#14 C:\Users\Ehteshamul Islam\Local Sites\database-project\app\public\wp-includes\class-wp-hook.php(348): WP_Hook->apply_filters('', Array)
#15 C:\Users\Ehteshamul Islam\Local Sites\database-project\app\public\wp-includes\plugin.php(517): WP_Hook->do_action(Array)
#16 C:\Users\Ehteshamul Islam\Local Sites\database-project\app\public\wp-admin\admin-header.php(267): do_action('in_admin_header')
#17 C:\Users\Ehteshamul Islam\Local Sites\database-project\app\public\wp-admin\edit-form-blocks.php(309): require_once('C:\\Users\\Ehtesh...')
#18 C:\Users\Ehteshamul Islam\Local Sites\database-project\app\public\wp-admin\post.php(187): require('C:\\Users\\Ehtesh...')
#19 {main}
  thrown in C:\Users\Ehteshamul Islam\Local Sites\database-project\app\public\wp-content\plugins\masterstudy-lms-learning-management-system\_core\libraries\admin-notification-popup\classes\NotificationEnqueueControl.php on line 32
[23-Apr-2024 21:39:20 UTC] PHP Fatal error:  Uncaught TypeError: array_replace_recursive(): Argument #1 ($array) must be of type array, bool given in C:\Users\Ehteshamul Islam\Local Sites\database-project\app\public\wp-content\plugins\masterstudy-lms-learning-management-system\_core\libraries\admin-notification-popup\classes\NotificationEnqueueControl.php:32
Stack trace:
#0 C:\Users\Ehteshamul Islam\Local Sites\database-project\app\public\wp-content\plugins\masterstudy-lms-learning-management-system\_core\libraries\admin-notification-popup\classes\NotificationEnqueueControl.php(32): array_replace_recursive(false, Array)
#1 C:\Users\Ehteshamul Islam\Local Sites\database-project\app\public\wp-content\plugins\masterstudy-lms-learning-management-system\_core\libraries\admin-notification-popup\classes\RateNotification.php(117): ANP\NotificationEnqueueControl::addSecondItem('masterstudy_lms...', '<div class="anp...')
#2 C:\Users\Ehteshamul Islam\Local Sites\database-project\app\public\wp-includes\class-wp-hook.php(324): RateNotification::stm_add_popup_notification_item('')
#3 C:\Users\Ehteshamul Islam\Local Sites\database-project\app\public\wp-includes\class-wp-hook.php(348): WP_Hook->apply_filters('', Array)
#4 C:\Users\Ehteshamul Islam\Local Sites\database-project\app\public\wp-includes\plugin.php(517): WP_Hook->do_action(Array)
#5 C:\Users\Ehteshamul Islam\Local Sites\database-project\app\public\wp-content\plugins\masterstudy-lms-learning-management-system\_core\libraries\admin-notification-popup\classes\Popup\NotificationPopupHtml.php(13): do_action('anp_popup_items')
#6 C:\Users\Ehteshamul Islam\Local Sites\database-project\app\public\wp-content\plugins\masterstudy-lms-learning-management-system\_core\libraries\admin-notification-popup\classes\Popup\NotificationPopupHtml.php(66): ANP\Popup\NotificationPopupHtml::init()
#7 C:\Users\Ehteshamul Islam\Local Sites\database-project\app\public\wp-content\plugins\masterstudy-lms-learning-management-system\_core\libraries\admin-notification-popup\admin-notification-popup.php(18): include('C:\\Users\\Ehtesh...')
#8 C:\Users\Ehteshamul Islam\Local Sites\database-project\app\public\wp-content\plugins\masterstudy-lms-learning-management-system\_core\libraries\admin-notification-popup\classes\AdminbarItem.php(30): {closure}('ANP\\Popup\\Notif...')
#9 C:\Users\Ehteshamul Islam\Local Sites\database-project\app\public\wp-includes\class-wp-hook.php(324): ANP\AdminbarItem::addAdminbarItem(Object(WP_Admin_Bar))
#10 C:\Users\Ehteshamul Islam\Local Sites\database-project\app\public\wp-includes\class-wp-hook.php(348): WP_Hook->apply_filters(NULL, Array)
#11 C:\Users\Ehteshamul Islam\Local Sites\database-project\app\public\wp-includes\plugin.php(565): WP_Hook->do_action(Array)
#12 C:\Users\Ehteshamul Islam\Local Sites\database-project\app\public\wp-includes\admin-bar.php(95): do_action_ref_array('admin_bar_menu', Array)
#13 C:\Users\Ehteshamul Islam\Local Sites\database-project\app\public\wp-includes\class-wp-hook.php(324): wp_admin_bar_render('')
#14 C:\Users\Ehteshamul Islam\Local Sites\database-project\app\public\wp-includes\class-wp-hook.php(348): WP_Hook->apply_filters('', Array)
#15 C:\Users\Ehteshamul Islam\Local Sites\database-project\app\public\wp-includes\plugin.php(517): WP_Hook->do_action(Array)
#16 C:\Users\Ehteshamul Islam\Local Sites\database-project\app\public\wp-admin\admin-header.php(267): do_action('in_admin_header')
#17 C:\Users\Ehteshamul Islam\Local Sites\database-project\app\public\wp-admin\edit-form-blocks.php(309): require_once('C:\\Users\\Ehtesh...')
#18 C:\Users\Ehteshamul Islam\Local Sites\database-project\app\public\wp-admin\post.php(187): require('C:\\Users\\Ehtesh...')
#19 {main}
  thrown in C:\Users\Ehteshamul Islam\Local Sites\database-project\app\public\wp-content\plugins\masterstudy-lms-learning-management-system\_core\libraries\admin-notification-popup\classes\NotificationEnqueueControl.php on line 32
[23-Apr-2024 21:39:23 UTC] PHP Fatal error:  Uncaught TypeError: array_replace_recursive(): Argument #1 ($array) must be of type array, bool given in C:\Users\Ehteshamul Islam\Local Sites\database-project\app\public\wp-content\plugins\masterstudy-lms-learning-management-system\_core\libraries\admin-notification-popup\classes\NotificationEnqueueControl.php:32
Stack trace:
#0 C:\Users\Ehteshamul Islam\Local Sites\database-project\app\public\wp-content\plugins\masterstudy-lms-learning-management-system\_core\libraries\admin-notification-popup\classes\NotificationEnqueueControl.php(32): array_replace_recursive(false, Array)
#1 C:\Users\Ehteshamul Islam\Local Sites\database-project\app\public\wp-content\plugins\masterstudy-lms-learning-management-system\_core\libraries\admin-notification-popup\classes\RateNotification.php(117): ANP\NotificationEnqueueControl::addSecondItem('masterstudy_lms...', '<div class="anp...')
#2 C:\Users\Ehteshamul Islam\Local Sites\database-project\app\public\wp-includes\class-wp-hook.php(324): RateNotification::stm_add_popup_notification_item('')
#3 C:\Users\Ehteshamul Islam\Local Sites\database-project\app\public\wp-includes\class-wp-hook.php(348): WP_Hook->apply_filters('', Array)
#4 C:\Users\Ehteshamul Islam\Local Sites\database-project\app\public\wp-includes\plugin.php(517): WP_Hook->do_action(Array)
#5 C:\Users\Ehteshamul Islam\Local Sites\database-project\app\public\wp-content\plugins\masterstudy-lms-learning-management-system\_core\libraries\admin-notification-popup\classes\Popup\NotificationPopupHtml.php(13): do_action('anp_popup_items')
#6 C:\Users\Ehteshamul Islam\Local Sites\database-project\app\public\wp-content\plugins\masterstudy-lms-learning-management-system\_core\libraries\admin-notification-popup\classes\Popup\NotificationPopupHtml.php(66): ANP\Popup\NotificationPopupHtml::init()
#7 C:\Users\Ehteshamul Islam\Local Sites\database-project\app\public\wp-content\plugins\masterstudy-lms-learning-management-system\_core\libraries\admin-notification-popup\admin-notification-popup.php(18): include('C:\\Users\\Ehtesh...')
#8 C:\Users\Ehteshamul Islam\Local Sites\database-project\app\public\wp-content\plugins\masterstudy-lms-learning-management-system\_core\libraries\admin-notification-popup\classes\AdminbarItem.php(30): {closure}('ANP\\Popup\\Notif...')
#9 C:\Users\Ehteshamul Islam\Local Sites\database-project\app\public\wp-includes\class-wp-hook.php(324): ANP\AdminbarItem::addAdminbarItem(Object(WP_Admin_Bar))
#10 C:\Users\Ehteshamul Islam\Local Sites\database-project\app\public\wp-includes\class-wp-hook.php(348): WP_Hook->apply_filters(NULL, Array)
#11 C:\Users\Ehteshamul Islam\Local Sites\database-project\app\public\wp-includes\plugin.php(565): WP_Hook->do_action(Array)
#12 C:\Users\Ehteshamul Islam\Local Sites\database-project\app\public\wp-includes\admin-bar.php(95): do_action_ref_array('admin_bar_menu', Array)
#13 C:\Users\Ehteshamul Islam\Local Sites\database-project\app\public\wp-includes\class-wp-hook.php(324): wp_admin_bar_render('')
#14 C:\Users\Ehteshamul Islam\Local Sites\database-project\app\public\wp-includes\class-wp-hook.php(348): WP_Hook->apply_filters('', Array)
#15 C:\Users\Ehteshamul Islam\Local Sites\database-project\app\public\wp-includes\plugin.php(517): WP_Hook->do_action(Array)
#16 C:\Users\Ehteshamul Islam\Local Sites\database-project\app\public\wp-admin\admin-header.php(267): do_action('in_admin_header')
#17 C:\Users\Ehteshamul Islam\Local Sites\database-project\app\public\wp-admin\edit-form-blocks.php(309): require_once('C:\\Users\\Ehtesh...')
#18 C:\Users\Ehteshamul Islam\Local Sites\database-project\app\public\wp-admin\post.php(187): require('C:\\Users\\Ehtesh...')
#19 {main}
  thrown in C:\Users\Ehteshamul Islam\Local Sites\database-project\app\public\wp-content\plugins\masterstudy-lms-learning-management-system\_core\libraries\admin-notification-popup\classes\NotificationEnqueueControl.php on line 32
[23-Apr-2024 21:39:50 UTC] PHP Fatal error:  Uncaught TypeError: array_replace_recursive(): Argument #1 ($array) must be of type array, bool given in C:\Users\Ehteshamul Islam\Local Sites\database-project\app\public\wp-content\plugins\masterstudy-lms-learning-management-system\_core\libraries\admin-notification-popup\classes\NotificationEnqueueControl.php:32
Stack trace:
#0 C:\Users\Ehteshamul Islam\Local Sites\database-project\app\public\wp-content\plugins\masterstudy-lms-learning-management-system\_core\libraries\admin-notification-popup\classes\NotificationEnqueueControl.php(32): array_replace_recursive(false, Array)
#1 C:\Users\Ehteshamul Islam\Local Sites\database-project\app\public\wp-content\plugins\masterstudy-lms-learning-management-system\_core\libraries\admin-notification-popup\classes\RateNotification.php(117): ANP\NotificationEnqueueControl::addSecondItem('masterstudy_lms...', '<div class="anp...')
#2 C:\Users\Ehteshamul Islam\Local Sites\database-project\app\public\wp-includes\class-wp-hook.php(324): RateNotification::stm_add_popup_notification_item('')
#3 C:\Users\Ehteshamul Islam\Local Sites\database-project\app\public\wp-includes\class-wp-hook.php(348): WP_Hook->apply_filters('', Array)
#4 C:\Users\Ehteshamul Islam\Local Sites\database-project\app\public\wp-includes\plugin.php(517): WP_Hook->do_action(Array)
#5 C:\Users\Ehteshamul Islam\Local Sites\database-project\app\public\wp-content\plugins\masterstudy-lms-learning-management-system\_core\libraries\admin-notification-popup\classes\Popup\NotificationPopupHtml.php(13): do_action('anp_popup_items')
#6 C:\Users\Ehteshamul Islam\Local Sites\database-project\app\public\wp-content\plugins\masterstudy-lms-learning-management-system\_core\libraries\admin-notification-popup\classes\Popup\NotificationPopupHtml.php(66): ANP\Popup\NotificationPopupHtml::init()
#7 C:\Users\Ehteshamul Islam\Local Sites\database-project\app\public\wp-content\plugins\masterstudy-lms-learning-management-system\_core\libraries\admin-notification-popup\admin-notification-popup.php(18): include('C:\\Users\\Ehtesh...')
#8 C:\Users\Ehteshamul Islam\Local Sites\database-project\app\public\wp-content\plugins\masterstudy-lms-learning-management-system\_core\libraries\admin-notification-popup\classes\AdminbarItem.php(30): {closure}('ANP\\Popup\\Notif...')
#9 C:\Users\Ehteshamul Islam\Local Sites\database-project\app\public\wp-includes\class-wp-hook.php(324): ANP\AdminbarItem::addAdminbarItem(Object(WP_Admin_Bar))
#10 C:\Users\Ehteshamul Islam\Local Sites\database-project\app\public\wp-includes\class-wp-hook.php(348): WP_Hook->apply_filters(NULL, Array)
#11 C:\Users\Ehteshamul Islam\Local Sites\database-project\app\public\wp-includes\plugin.php(565): WP_Hook->do_action(Array)
#12 C:\Users\Ehteshamul Islam\Local Sites\database-project\app\public\wp-includes\admin-bar.php(95): do_action_ref_array('admin_bar_menu', Array)
#13 C:\Users\Ehteshamul Islam\Local Sites\database-project\app\public\wp-includes\class-wp-hook.php(324): wp_admin_bar_render('')
#14 C:\Users\Ehteshamul Islam\Local Sites\database-project\app\public\wp-includes\class-wp-hook.php(348): WP_Hook->apply_filters('', Array)
#15 C:\Users\Ehteshamul Islam\Local Sites\database-project\app\public\wp-includes\plugin.php(517): WP_Hook->do_action(Array)
#16 C:\Users\Ehteshamul Islam\Local Sites\database-project\app\public\wp-admin\admin-header.php(267): do_action('in_admin_header')
#17 C:\Users\Ehteshamul Islam\Local Sites\database-project\app\public\wp-admin\edit-form-blocks.php(309): require_once('C:\\Users\\Ehtesh...')
#18 C:\Users\Ehteshamul Islam\Local Sites\database-project\app\public\wp-admin\post.php(187): require('C:\\Users\\Ehtesh...')
#19 {main}
  thrown in C:\Users\Ehteshamul Islam\Local Sites\database-project\app\public\wp-content\plugins\masterstudy-lms-learning-management-system\_core\libraries\admin-notification-popup\classes\NotificationEnqueueControl.php on line 32
[23-Apr-2024 21:39:54 UTC] PHP Fatal error:  Uncaught TypeError: array_replace_recursive(): Argument #1 ($array) must be of type array, bool given in C:\Users\Ehteshamul Islam\Local Sites\database-project\app\public\wp-content\plugins\masterstudy-lms-learning-management-system\_core\libraries\admin-notification-popup\classes\NotificationEnqueueControl.php:32
Stack trace:
#0 C:\Users\Ehteshamul Islam\Local Sites\database-project\app\public\wp-content\plugins\masterstudy-lms-learning-management-system\_core\libraries\admin-notification-popup\classes\NotificationEnqueueControl.php(32): array_replace_recursive(false, Array)
#1 C:\Users\Ehteshamul Islam\Local Sites\database-project\app\public\wp-content\plugins\masterstudy-lms-learning-management-system\_core\libraries\admin-notification-popup\classes\RateNotification.php(117): ANP\NotificationEnqueueControl::addSecondItem('masterstudy_lms...', '<div class="anp...')
#2 C:\Users\Ehteshamul Islam\Local Sites\database-project\app\public\wp-includes\class-wp-hook.php(324): RateNotification::stm_add_popup_notification_item('')
#3 C:\Users\Ehteshamul Islam\Local Sites\database-project\app\public\wp-includes\class-wp-hook.php(348): WP_Hook->apply_filters('', Array)
#4 C:\Users\Ehteshamul Islam\Local Sites\database-project\app\public\wp-includes\plugin.php(517): WP_Hook->do_action(Array)
#5 C:\Users\Ehteshamul Islam\Local Sites\database-project\app\public\wp-content\plugins\masterstudy-lms-learning-management-system\_core\libraries\admin-notification-popup\classes\Popup\NotificationPopupHtml.php(13): do_action('anp_popup_items')
#6 C:\Users\Ehteshamul Islam\Local Sites\database-project\app\public\wp-content\plugins\masterstudy-lms-learning-management-system\_core\libraries\admin-notification-popup\classes\Popup\NotificationPopupHtml.php(66): ANP\Popup\NotificationPopupHtml::init()
#7 C:\Users\Ehteshamul Islam\Local Sites\database-project\app\public\wp-content\plugins\masterstudy-lms-learning-management-system\_core\libraries\admin-notification-popup\admin-notification-popup.php(18): include('C:\\Users\\Ehtesh...')
#8 C:\Users\Ehteshamul Islam\Local Sites\database-project\app\public\wp-content\plugins\masterstudy-lms-learning-management-system\_core\libraries\admin-notification-popup\classes\AdminbarItem.php(30): {closure}('ANP\\Popup\\Notif...')
#9 C:\Users\Ehteshamul Islam\Local Sites\database-project\app\public\wp-includes\class-wp-hook.php(324): ANP\AdminbarItem::addAdminbarItem(Object(WP_Admin_Bar))
#10 C:\Users\Ehteshamul Islam\Local Sites\database-project\app\public\wp-includes\class-wp-hook.php(348): WP_Hook->apply_filters(NULL, Array)
#11 C:\Users\Ehteshamul Islam\Local Sites\database-project\app\public\wp-includes\plugin.php(565): WP_Hook->do_action(Array)
#12 C:\Users\Ehteshamul Islam\Local Sites\database-project\app\public\wp-includes\admin-bar.php(95): do_action_ref_array('admin_bar_menu', Array)
#13 C:\Users\Ehteshamul Islam\Local Sites\database-project\app\public\wp-includes\class-wp-hook.php(324): wp_admin_bar_render('')
#14 C:\Users\Ehteshamul Islam\Local Sites\database-project\app\public\wp-includes\class-wp-hook.php(348): WP_Hook->apply_filters('', Array)
#15 C:\Users\Ehteshamul Islam\Local Sites\database-project\app\public\wp-includes\plugin.php(517): WP_Hook->do_action(Array)
#16 C:\Users\Ehteshamul Islam\Local Sites\database-project\app\public\wp-admin\admin-header.php(267): do_action('in_admin_header')
#17 C:\Users\Ehteshamul Islam\Local Sites\database-project\app\public\wp-admin\edit-form-blocks.php(309): require_once('C:\\Users\\Ehtesh...')
#18 C:\Users\Ehteshamul Islam\Local Sites\database-project\app\public\wp-admin\post.php(187): require('C:\\Users\\Ehtesh...')
#19 {main}
  thrown in C:\Users\Ehteshamul Islam\Local Sites\database-project\app\public\wp-content\plugins\masterstudy-lms-learning-management-system\_core\libraries\admin-notification-popup\classes\NotificationEnqueueControl.php on line 32
[24-Apr-2024 09:03:49 UTC] [Image Optimizer]: info in ImageOptimization\Modules\Oauth\Components\Connect::get_connect_status(): Status getting error. Reason: User is not connected
[24-Apr-2024 09:03:54 UTC] [Image Optimizer]: info in ImageOptimization\Modules\Oauth\Components\Connect::get_connect_status(): Status getting error. Reason: User is not connected
[29-Apr-2024 21:17:56 UTC] Cron reschedule event error for hook: wp_update_plugins, Error code: could_not_set, Error message: The cron event list could not be saved., Data: {"schedule":"twicedaily","args":[],"interval":43200}
[29-Apr-2024 21:17:59 UTC] Cron reschedule event error for hook: wp_privacy_delete_old_export_files, Error code: could_not_set, Error message: The cron event list could not be saved., Data: {"schedule":"hourly","args":[],"interval":3600}
